Performing C SOURCE FILE Test CMAKE_HAVE_LIBC_PTHREAD failed with the following output:
Change Dir: /home/ircvlab/HYU-2024-Embedded/code/build_1/CMakeFiles/CMakeTmp

Run Build Command(s):/usr/bin/make cmTC_5e62a/fast && /usr/bin/make -f CMakeFiles/cmTC_5e62a.dir/build.make CMakeFiles/cmTC_5e62a.dir/build
make[1]: Entering directory '/home/ircvlab/HYU-2024-Embedded/code/build_1/CMakeFiles/CMakeTmp'
Building C object CMakeFiles/cmTC_5e62a.dir/src.c.o
/usr/bin/cc   -DCMAKE_HAVE_LIBC_PTHREAD   -o CMakeFiles/cmTC_5e62a.dir/src.c.o   -c /home/ircvlab/HYU-2024-Embedded/code/build_1/CMakeFiles/CMakeTmp/src.c
Linking C executable cmTC_5e62a
/usr/bin/cmake -E cmake_link_script CMakeFiles/cmTC_5e62a.dir/link.txt --verbose=1
/usr/bin/cc  -DCMAKE_HAVE_LIBC_PTHREAD    CMakeFiles/cmTC_5e62a.dir/src.c.o  -o cmTC_5e62a 
/usr/bin/ld: CMakeFiles/cmTC_5e62a.dir/src.c.o: in function `main':
src.c:(.text+0x48): undefined reference to `pthread_create'
/usr/bin/ld: src.c:(.text+0x50): undefined reference to `pthread_detach'
/usr/bin/ld: src.c:(.text+0x5c): undefined reference to `pthread_join'
collect2: error: ld returned 1 exit status
make[1]: *** [CMakeFiles/cmTC_5e62a.dir/build.make:87: cmTC_5e62a] Error 1
make[1]: Leaving directory '/home/ircvlab/HYU-2024-Embedded/code/build_1/CMakeFiles/CMakeTmp'
make: *** [Makefile:121: cmTC_5e62a/fast] Error 2


Source file was:
#include <pthread.h>

void* test_func(void* data)
{
  return data;
}

int main(void)
{
  pthread_t thread;
  pthread_create(&thread, NULL, test_func, NULL);
  pthread_detach(thread);
  pthread_join(thread, NULL);
  pthread_atfork(NULL, NULL, NULL);
  pthread_exit(NULL);

  return 0;
}

Determining if the function pthread_create exists in the pthreads failed with the following output:
Change Dir: /home/ircvlab/HYU-2024-Embedded/code/build_1/CMakeFiles/CMakeTmp

Run Build Command(s):/usr/bin/make cmTC_94034/fast && /usr/bin/make -f CMakeFiles/cmTC_94034.dir/build.make CMakeFiles/cmTC_94034.dir/build
make[1]: Entering directory '/home/ircvlab/HYU-2024-Embedded/code/build_1/CMakeFiles/CMakeTmp'
Building C object CMakeFiles/cmTC_94034.dir/CheckFunctionExists.c.o
/usr/bin/cc   -DCHECK_FUNCTION_EXISTS=pthread_create   -o CMakeFiles/cmTC_94034.dir/CheckFunctionExists.c.o   -c /usr/share/cmake-3.16/Modules/CheckFunctionExists.c
Linking C executable cmTC_94034
/usr/bin/cmake -E cmake_link_script CMakeFiles/cmTC_94034.dir/link.txt --verbose=1
/usr/bin/cc  -DCHECK_FUNCTION_EXISTS=pthread_create    CMakeFiles/cmTC_94034.dir/CheckFunctionExists.c.o  -o cmTC_94034  -lpthreads 
/usr/bin/ld: cannot find -lpthreads
collect2: error: ld returned 1 exit status
make[1]: *** [CMakeFiles/cmTC_94034.dir/build.make:87: cmTC_94034] Error 1
make[1]: Leaving directory '/home/ircvlab/HYU-2024-Embedded/code/build_1/CMakeFiles/CMakeTmp'
make: *** [Makefile:121: cmTC_94034/fast] Error 2



Determining if the function sgemm_ exists failed with the following output:
Change Dir: /home/ircvlab/HYU-2024-Embedded/code/build_1/CMakeFiles/CMakeTmp

Run Build Command(s):/usr/bin/make cmTC_217f1/fast && /usr/bin/make -f CMakeFiles/cmTC_217f1.dir/build.make CMakeFiles/cmTC_217f1.dir/build
make[1]: Entering directory '/home/ircvlab/HYU-2024-Embedded/code/build_1/CMakeFiles/CMakeTmp'
Building C object CMakeFiles/cmTC_217f1.dir/CheckFunctionExists.c.o
/usr/bin/cc   -DCHECK_FUNCTION_EXISTS=sgemm_   -o CMakeFiles/cmTC_217f1.dir/CheckFunctionExists.c.o   -c /usr/share/cmake-3.16/Modules/CheckFunctionExists.c
Linking C executable cmTC_217f1
/usr/bin/cmake -E cmake_link_script CMakeFiles/cmTC_217f1.dir/link.txt --verbose=1
/usr/bin/cc  -DCHECK_FUNCTION_EXISTS=sgemm_    CMakeFiles/cmTC_217f1.dir/CheckFunctionExists.c.o  -o cmTC_217f1 
/usr/bin/ld: CMakeFiles/cmTC_217f1.dir/CheckFunctionExists.c.o: in function `main':
CheckFunctionExists.c:(.text+0x10): undefined reference to `sgemm_'
collect2: error: ld returned 1 exit status
make[1]: *** [CMakeFiles/cmTC_217f1.dir/build.make:87: cmTC_217f1] Error 1
make[1]: Leaving directory '/home/ircvlab/HYU-2024-Embedded/code/build_1/CMakeFiles/CMakeTmp'
make: *** [Makefile:121: cmTC_217f1/fast] Error 2



